# JRE version: OpenJDK Runtime Environment (8.0_152-b01) (build 1.8.0_152-release-1024-b01)
# Java VM: OpenJDK 64-Bit Server VM (25.152-b01 mixed mode linux-amd64 compressed oops)
Heap:
 PSYoungGen      total 225792K, used 15182K [0x00000000e0000000, 0x00000000f2b00000, 0x0000000100000000)
  eden space 203776K, 0% used [0x00000000e0000000,0x00000000e0000000,0x00000000ec700000)
  from space 22016K, 68% used [0x00000000ec700000,0x00000000ed5d3950,0x00000000edc80000)
  to   space 23040K, 0% used [0x00000000f1480000,0x00000000f1480000,0x00000000f2b00000)
 ParOldGen       total 98304K, used 50692K [0x00000000a0000000, 0x00000000a6000000, 0x00000000e0000000)
  object space 98304K, 51% used [0x00000000a0000000,0x00000000a3181080,0x00000000a6000000)
 Metaspace       used 93898K, capacity 98130K, committed 98264K, reserved 1134592K
  class space    used 11966K, capacity 12951K, committed 13056K, reserved 1048576K
GC Heap History (10 events):
Event: 5755.344 GC heap after
Heap after GC invocations=22 (full 3):
 PSYoungGen      total 185344K, used 3968K [0x00000000e0000000, 0x00000000ed300000, 0x0000000100000000)
  eden space 181248K, 0% used [0x00000000e0000000,0x00000000e0000000,0x00000000eb100000)
  from space 4096K, 96% used [0x00000000eb800000,0x00000000ebbe0020,0x00000000ebc00000)
  to   space 17408K, 0% used [0x00000000ec200000,0x00000000ec200000,0x00000000ed300000)
 ParOldGen       total 98304K, used 45151K [0x00000000a0000000, 0x00000000a6000000, 0x00000000e0000000)
  object space 98304K, 45% used [0x00000000a0000000,0x00000000a2c17c68,0x00000000a6000000)
 Metaspace       used 77937K, capacity 81486K, committed 81624K, reserved 1120256K
  class space    used 10142K, capacity 10904K, committed 11008K, reserved 1048576K
}
Event: 5759.691 GC heap before
{Heap before GC invocations=23 (full 3):
 PSYoungGen      total 185344K, used 184611K [0x00000000e0000000, 0x00000000ed300000, 0x0000000100000000)
  eden space 181248K, 99% used [0x00000000e0000000,0x00000000eb068df0,0x00000000eb100000)
  from space 4096K, 96% used [0x00000000eb800000,0x00000000ebbe0020,0x00000000ebc00000)
  to   space 17408K, 0% used [0x00000000ec200000,0x00000000ec200000,0x00000000ed300000)
 ParOldGen       total 98304K, used 45151K [0x00000000a0000000, 0x00000000a6000000, 0x00000000e0000000)
  object space 98304K, 45% used [0x00000000a0000000,0x00000000a2c17c68,0x00000000a6000000)
 Metaspace       used 78132K, capacity 81680K, committed 81880K, reserved 1120256K
  class space    used 10152K, capacity 10923K, committed 11008K, reserved 1048576K
Event: 5759.890 GC heap after
Heap after GC invocations=23 (full 3):
 PSYoungGen      total 199680K, used 6525K [0x00000000e0000000, 0x00000000eed00000, 0x0000000100000000)
  eden space 182272K, 0% used [0x00000000e0000000,0x00000000e0000000,0x00000000eb200000)
  from space 17408K, 37% used [0x00000000ec200000,0x00000000ec85f418,0x00000000ed300000)
  to   space 16384K, 0% used [0x00000000eb200000,0x00000000eb200000,0x00000000ec200000)
 ParOldGen       total 98304K, used 45159K [0x00000000a0000000, 0x00000000a6000000, 0x00000000e0000000)
  object space 98304K, 45% used [0x00000000a0000000,0x00000000a2c19c68,0x00000000a6000000)
 Metaspace       used 78132K, capacity 81680K, committed 81880K, reserved 1120256K
  class space    used 10152K, capacity 10923K, committed 11008K, reserved 1048576K
}
Event: 5816.745 GC heap before
{Heap before GC invocations=24 (full 3):
 PSYoungGen      total 199680K, used 188797K [0x00000000e0000000, 0x00000000eed00000, 0x0000000100000000)
  eden space 182272K, 100% used [0x00000000e0000000,0x00000000eb200000,0x00000000eb200000)
  from space 17408K, 37% used [0x00000000ec200000,0x00000000ec85f418,0x00000000ed300000)
  to   space 16384K, 0% used [0x00000000eb200000,0x00000000eb200000,0x00000000ec200000)
 ParOldGen       total 98304K, used 45159K [0x00000000a0000000, 0x00000000a6000000, 0x00000000e0000000)
  object space 98304K, 45% used [0x00000000a0000000,0x00000000a2c19c68,0x00000000a6000000)
 Metaspace       used 84953K, capacity 88900K, committed 88920K, reserved 1126400K
  class space    used 10989K, capacity 11900K, committed 11904K, reserved 1048576K
Event: 5816.974 GC heap after
Heap after GC invocations=24 (full 3):
 PSYoungGen      total 198656K, used 12833K [0x00000000e0000000, 0x00000000eee00000, 0x0000000100000000)
  eden space 182272K, 0% used [0x00000000e0000000,0x00000000e0000000,0x00000000eb200000)
  from space 16384K, 78% used [0x00000000eb200000,0x00000000ebe886e0,0x00000000ec200000)
  to   space 17920K, 0% used [0x00000000edc80000,0x00000000edc80000,0x00000000eee00000)
 ParOldGen       total 98304K, used 45186K [0x00000000a0000000, 0x00000000a6000000, 0x00000000e0000000)
  object space 98304K, 45% used [0x00000000a0000000,0x00000000a2c208b8,0x00000000a6000000)
 Metaspace       used 84953K, capacity 88900K, committed 88920K, reserved 1126400K
  class space    used 10989K, capacity 11900K, committed 11904K, reserved 1048576K
}
Event: 5908.847 GC heap before
{Heap before GC invocations=25 (full 3):
 PSYoungGen      total 198656K, used 195105K [0x00000000e0000000, 0x00000000eee00000, 0x0000000100000000)
  eden space 182272K, 100% used [0x00000000e0000000,0x00000000eb200000,0x00000000eb200000)
  from space 16384K, 78% used [0x00000000eb200000,0x00000000ebe886e0,0x00000000ec200000)
  to   space 17920K, 0% used [0x00000000edc80000,0x00000000edc80000,0x00000000eee00000)
 ParOldGen       total 98304K, used 45186K [0x00000000a0000000, 0x00000000a6000000, 0x00000000e0000000)
  object space 98304K, 45% used [0x00000000a0000000,0x00000000a2c208b8,0x00000000a6000000)
 Metaspace       used 92101K, capacity 96332K, committed 96600K, reserved 1132544K
  class space    used 11843K, capacity 12822K, committed 12928K, reserved 1048576K
Event: 5909.088 GC heap after
Heap after GC invocations=25 (full 3):
 PSYoungGen      total 221696K, used 17907K [0x00000000e0000000, 0x00000000ef280000, 0x0000000100000000)
  eden space 203776K, 0% used [0x00000000e0000000,0x00000000e0000000,0x00000000ec700000)
  from space 17920K, 99% used [0x00000000edc80000,0x00000000eedfcd38,0x00000000eee00000)
  to   space 22016K, 0% used [0x00000000ec700000,0x00000000ec700000,0x00000000edc80000)
 ParOldGen       total 98304K, used 49587K [0x00000000a0000000, 0x00000000a6000000, 0x00000000e0000000)
  object space 98304K, 50% used [0x00000000a0000000,0x00000000a306cd80,0x00000000a6000000)
 Metaspace       used 92101K, capacity 96332K, committed 96600K, reserved 1132544K
  class space    used 11843K, capacity 12822K, committed 12928K, reserved 1048576K
}
Event: 5910.193 GC heap before
{Heap before GC invocations=26 (full 3):
 PSYoungGen      total 221696K, used 31001K [0x00000000e0000000, 0x00000000ef280000, 0x0000000100000000)
  eden space 203776K, 6% used [0x00000000e0000000,0x00000000e0cc9850,0x00000000ec700000)
  from space 17920K, 99% used [0x00000000edc80000,0x00000000eedfcd38,0x00000000eee00000)
  to   space 22016K, 0% used [0x00000000ec700000,0x00000000ec700000,0x00000000edc80000)
 ParOldGen       total 98304K, used 49587K [0x00000000a0000000, 0x00000000a6000000, 0x00000000e0000000)
  object space 98304K, 50% used [0x00000000a0000000,0x00000000a306cd80,0x00000000a6000000)
 Metaspace       used 93898K, capacity 98130K, committed 98264K, reserved 1134592K
  class space    used 11966K, capacity 12951K, committed 13056K, reserved 1048576K
Event: 5910.435 GC heap after
Heap after GC invocations=26 (full 3):
 PSYoungGen      total 225792K, used 15182K [0x00000000e0000000, 0x00000000f2b00000, 0x0000000100000000)
  eden space 203776K, 0% used [0x00000000e0000000,0x00000000e0000000,0x00000000ec700000)
  from space 22016K, 68% used [0x00000000ec700000,0x00000000ed5d3950,0x00000000edc80000)
  to   space 23040K, 0% used [0x00000000f1480000,0x00000000f1480000,0x00000000f2b00000)
 ParOldGen       total 98304K, used 50692K [0x00000000a0000000, 0x00000000a6000000, 0x00000000e0000000)
  object space 98304K, 51% used [0x00000000a0000000,0x00000000a3181080,0x00000000a6000000)
 Metaspace       used 93898K, capacity 98130K, committed 98264K, reserved 1134592K
  class space    used 11966K, capacity 12951K, committed 13056K, reserved 1048576K
}
Event: 5910.435 GC heap before
{Heap before GC invocations=27 (full 4):
 PSYoungGen      total 225792K, used 15182K [0x00000000e0000000, 0x00000000f2b00000, 0x0000000100000000)
  eden space 203776K, 0% used [0x00000000e0000000,0x00000000e0000000,0x00000000ec700000)
  from space 22016K, 68% used [0x00000000ec700000,0x00000000ed5d3950,0x00000000edc80000)
  to   space 23040K, 0% used [0x00000000f1480000,0x00000000f1480000,0x00000000f2b00000)
 ParOldGen       total 98304K, used 50692K [0x00000000a0000000, 0x00000000a6000000, 0x00000000e0000000)
  object space 98304K, 51% used [0x00000000a0000000,0x00000000a3181080,0x00000000a6000000)
 Metaspace       used 93898K, capacity 98130K, committed 98264K, reserved 1134592K
  class space    used 11966K, capacity 12951K, committed 13056K, reserved 1048576K

