# JRE version: OpenJDK Runtime Environment (8.0_152-b01) (build 1.8.0_152-release-1024-b01)
# Java VM: OpenJDK 64-Bit Server VM (25.152-b01 mixed mode linux-amd64 compressed oops)
Heap:
 PSYoungGen      total 161280K, used 13556K [0x00000000e0000000, 0x00000000ed080000, 0x0000000100000000)
  eden space 146432K, 0% used [0x00000000e0000000,0x00000000e0000000,0x00000000e8f00000)
  from space 14848K, 91% used [0x00000000e8f00000,0x00000000e9c3d280,0x00000000e9d80000)
  to   space 16896K, 0% used [0x00000000ec000000,0x00000000ec000000,0x00000000ed080000)
 ParOldGen       total 55296K, used 25949K [0x00000000a0000000, 0x00000000a3600000, 0x00000000e0000000)
  object space 55296K, 46% used [0x00000000a0000000,0x00000000a19575b8,0x00000000a3600000)
 Metaspace       used 56918K, capacity 58858K, committed 59028K, reserved 1099776K
  class space    used 7705K, capacity 8170K, committed 8192K, reserved 1048576K
GC Heap History (10 events):
Event: 78.501 GC heap after
Heap after GC invocations=11 (full 1):
 PSYoungGen      total 126464K, used 9197K [0x00000000e0000000, 0x00000000ea980000, 0x0000000100000000)
  eden space 117248K, 0% used [0x00000000e0000000,0x00000000e0000000,0x00000000e7280000)
  from space 9216K, 99% used [0x00000000e7d80000,0x00000000e867b418,0x00000000e8680000)
  to   space 11264K, 0% used [0x00000000e7280000,0x00000000e7280000,0x00000000e7d80000)
 ParOldGen       total 38912K, used 13215K [0x00000000a0000000, 0x00000000a2600000, 0x00000000e0000000)
  object space 38912K, 33% used [0x00000000a0000000,0x00000000a0ce7d78,0x00000000a2600000)
 Metaspace       used 34581K, capacity 35250K, committed 35416K, reserved 1079296K
  class space    used 4723K, capacity 4965K, committed 4992K, reserved 1048576K
}
Event: 78.502 GC heap before
{Heap before GC invocations=12 (full 2):
 PSYoungGen      total 126464K, used 9197K [0x00000000e0000000, 0x00000000ea980000, 0x0000000100000000)
  eden space 117248K, 0% used [0x00000000e0000000,0x00000000e0000000,0x00000000e7280000)
  from space 9216K, 99% used [0x00000000e7d80000,0x00000000e867b418,0x00000000e8680000)
  to   space 11264K, 0% used [0x00000000e7280000,0x00000000e7280000,0x00000000e7d80000)
 ParOldGen       total 38912K, used 13215K [0x00000000a0000000, 0x00000000a2600000, 0x00000000e0000000)
  object space 38912K, 33% used [0x00000000a0000000,0x00000000a0ce7d78,0x00000000a2600000)
 Metaspace       used 34581K, capacity 35250K, committed 35416K, reserved 1079296K
  class space    used 4723K, capacity 4965K, committed 4992K, reserved 1048576K
Event: 79.346 GC heap after
Heap after GC invocations=12 (full 2):
 PSYoungGen      total 126464K, used 0K [0x00000000e0000000, 0x00000000ea980000, 0x0000000100000000)
  eden space 117248K, 0% used [0x00000000e0000000,0x00000000e0000000,0x00000000e7280000)
  from space 9216K, 0% used [0x00000000e7d80000,0x00000000e7d80000,0x00000000e8680000)
  to   space 11264K, 0% used [0x00000000e7280000,0x00000000e7280000,0x00000000e7d80000)
 ParOldGen       total 55296K, used 16229K [0x00000000a0000000, 0x00000000a3600000, 0x00000000e0000000)
  object space 55296K, 29% used [0x00000000a0000000,0x00000000a0fd94a8,0x00000000a3600000)
 Metaspace       used 34581K, capacity 35250K, committed 35416K, reserved 1079296K
  class space    used 4723K, capacity 4965K, committed 4992K, reserved 1048576K
}
Event: 99.128 GC heap before
{Heap before GC invocations=13 (full 2):
 PSYoungGen      total 126464K, used 117248K [0x00000000e0000000, 0x00000000ea980000, 0x0000000100000000)
  eden space 117248K, 100% used [0x00000000e0000000,0x00000000e7280000,0x00000000e7280000)
  from space 9216K, 0% used [0x00000000e7d80000,0x00000000e7d80000,0x00000000e8680000)
  to   space 11264K, 0% used [0x00000000e7280000,0x00000000e7280000,0x00000000e7d80000)
 ParOldGen       total 55296K, used 16229K [0x00000000a0000000, 0x00000000a3600000, 0x00000000e0000000)
  object space 55296K, 29% used [0x00000000a0000000,0x00000000a0fd94a8,0x00000000a3600000)
 Metaspace       used 42413K, capacity 43318K, committed 43608K, reserved 1087488K
  class space    used 5713K, capacity 5978K, committed 6016K, reserved 1048576K
Event: 99.305 GC heap after
Heap after GC invocations=13 (full 2):
 PSYoungGen      total 128512K, used 11244K [0x00000000e0000000, 0x00000000eaa80000, 0x0000000100000000)
  eden space 117248K, 0% used [0x00000000e0000000,0x00000000e0000000,0x00000000e7280000)
  from space 11264K, 99% used [0x00000000e7280000,0x00000000e7d7b3d8,0x00000000e7d80000)
  to   space 13312K, 0% used [0x00000000e9d80000,0x00000000e9d80000,0x00000000eaa80000)
 ParOldGen       total 55296K, used 18249K [0x00000000a0000000, 0x00000000a3600000, 0x00000000e0000000)
  object space 55296K, 33% used [0x00000000a0000000,0x00000000a11d2450,0x00000000a3600000)
 Metaspace       used 42413K, capacity 43318K, committed 43608K, reserved 1087488K
  class space    used 5713K, capacity 5978K, committed 6016K, reserved 1048576K
}
Event: 123.950 GC heap before
{Heap before GC invocations=14 (full 2):
 PSYoungGen      total 128512K, used 128492K [0x00000000e0000000, 0x00000000eaa80000, 0x0000000100000000)
  eden space 117248K, 100% used [0x00000000e0000000,0x00000000e7280000,0x00000000e7280000)
  from space 11264K, 99% used [0x00000000e7280000,0x00000000e7d7b3d8,0x00000000e7d80000)
  to   space 13312K, 0% used [0x00000000e9d80000,0x00000000e9d80000,0x00000000eaa80000)
 ParOldGen       total 55296K, used 18249K [0x00000000a0000000, 0x00000000a3600000, 0x00000000e0000000)
  object space 55296K, 33% used [0x00000000a0000000,0x00000000a11d2450,0x00000000a3600000)
 Metaspace       used 53111K, capacity 54904K, committed 55128K, reserved 1097728K
  class space    used 7285K, capacity 7745K, committed 7808K, reserved 1048576K
Event: 124.236 GC heap after
Heap after GC invocations=14 (full 2):
 PSYoungGen      total 159744K, used 12415K [0x00000000e0000000, 0x00000000eac80000, 0x0000000100000000)
  eden space 146432K, 0% used [0x00000000e0000000,0x00000000e0000000,0x00000000e8f00000)
  from space 13312K, 93% used [0x00000000e9d80000,0x00000000ea99ffb0,0x00000000eaa80000)
  to   space 14848K, 0% used [0x00000000e8f00000,0x00000000e8f00000,0x00000000e9d80000)
 ParOldGen       total 55296K, used 25941K [0x00000000a0000000, 0x00000000a3600000, 0x00000000e0000000)
  object space 55296K, 46% used [0x00000000a0000000,0x00000000a19555b8,0x00000000a3600000)
 Metaspace       used 53111K, capacity 54904K, committed 55128K, reserved 1097728K
  class space    used 7285K, capacity 7745K, committed 7808K, reserved 1048576K
}
Event: 167.286 GC heap before
{Heap before GC invocations=15 (full 2):
 PSYoungGen      total 159744K, used 126811K [0x00000000e0000000, 0x00000000eac80000, 0x0000000100000000)
  eden space 146432K, 78% used [0x00000000e0000000,0x00000000e6fb6c98,0x00000000e8f00000)
  from space 13312K, 93% used [0x00000000e9d80000,0x00000000ea99ffb0,0x00000000eaa80000)
  to   space 14848K, 0% used [0x00000000e8f00000,0x00000000e8f00000,0x00000000e9d80000)
 ParOldGen       total 55296K, used 25941K [0x00000000a0000000, 0x00000000a3600000, 0x00000000e0000000)
  object space 55296K, 46% used [0x00000000a0000000,0x00000000a19555b8,0x00000000a3600000)
 Metaspace       used 56918K, capacity 58858K, committed 59028K, reserved 1099776K
  class space    used 7705K, capacity 8170K, committed 8192K, reserved 1048576K
Event: 167.508 GC heap after
Heap after GC invocations=15 (full 2):
 PSYoungGen      total 161280K, used 13556K [0x00000000e0000000, 0x00000000ed080000, 0x0000000100000000)
  eden space 146432K, 0% used [0x00000000e0000000,0x00000000e0000000,0x00000000e8f00000)
  from space 14848K, 91% used [0x00000000e8f00000,0x00000000e9c3d280,0x00000000e9d80000)
  to   space 16896K, 0% used [0x00000000ec000000,0x00000000ec000000,0x00000000ed080000)
 ParOldGen       total 55296K, used 25949K [0x00000000a0000000, 0x00000000a3600000, 0x00000000e0000000)
  object space 55296K, 46% used [0x00000000a0000000,0x00000000a19575b8,0x00000000a3600000)
 Metaspace       used 56918K, capacity 58858K, committed 59028K, reserved 1099776K
  class space    used 7705K, capacity 8170K, committed 8192K, reserved 1048576K
}
Event: 167.509 GC heap before
{Heap before GC invocations=16 (full 3):
 PSYoungGen      total 161280K, used 13556K [0x00000000e0000000, 0x00000000ed080000, 0x0000000100000000)
  eden space 146432K, 0% used [0x00000000e0000000,0x00000000e0000000,0x00000000e8f00000)
  from space 14848K, 91% used [0x00000000e8f00000,0x00000000e9c3d280,0x00000000e9d80000)
  to   space 16896K, 0% used [0x00000000ec000000,0x00000000ec000000,0x00000000ed080000)
 ParOldGen       total 55296K, used 25949K [0x00000000a0000000, 0x00000000a3600000, 0x00000000e0000000)
  object space 55296K, 46% used [0x00000000a0000000,0x00000000a19575b8,0x00000000a3600000)
 Metaspace       used 56918K, capacity 58858K, committed 59028K, reserved 1099776K
  class space    used 7705K, capacity 8170K, committed 8192K, reserved 1048576K

