# JRE version: OpenJDK Runtime Environment (8.0_152-b01) (build 1.8.0_152-release-1024-b01)
# Java VM: OpenJDK 64-Bit Server VM (25.152-b01 mixed mode linux-amd64 compressed oops)
Heap:
 PSYoungGen      total 267776K, used 124602K [0x00000000e0000000, 0x00000000f2100000, 0x0000000100000000)
  eden space 254976K, 46% used [0x00000000e0000000,0x00000000e74756b0,0x00000000ef900000)
  from space 12800K, 41% used [0x00000000f1480000,0x00000000f19b9230,0x00000000f2100000)
  to   space 20480K, 0% used [0x00000000ef900000,0x00000000ef900000,0x00000000f0d00000)
 ParOldGen       total 94208K, used 32381K [0x00000000a0000000, 0x00000000a5c00000, 0x00000000e0000000)
  object space 94208K, 34% used [0x00000000a0000000,0x00000000a1f9f618,0x00000000a5c00000)
 Metaspace       used 63960K, capacity 67116K, committed 67288K, reserved 1107968K
  class space    used 8391K, capacity 9103K, committed 9216K, reserved 1048576K
GC Heap History (10 events):
Event: 161.870 GC heap before
{Heap before GC invocations=13 (full 2):
 PSYoungGen      total 198144K, used 65569K [0x00000000e0000000, 0x00000000ee500000, 0x0000000100000000)
  eden space 181760K, 27% used [0x00000000e0000000,0x00000000e3008fd0,0x00000000eb180000)
  from space 16384K, 99% used [0x00000000ec800000,0x00000000ed7ff500,0x00000000ed800000)
  to   space 23040K, 0% used [0x00000000eb180000,0x00000000eb180000,0x00000000ec800000)
 ParOldGen       total 58368K, used 32293K [0x00000000a0000000, 0x00000000a3900000, 0x00000000e0000000)
  object space 58368K, 55% used [0x00000000a0000000,0x00000000a1f89418,0x00000000a3900000)
 Metaspace       used 57112K, capacity 58974K, committed 59028K, reserved 1099776K
  class space    used 7728K, capacity 8158K, committed 8192K, reserved 1048576K
Event: 162.334 GC heap after
Heap after GC invocations=13 (full 2):
 PSYoungGen      total 204800K, used 3657K [0x00000000e0000000, 0x00000000f1080000, 0x0000000100000000)
  eden space 181760K, 0% used [0x00000000e0000000,0x00000000e0000000,0x00000000eb180000)
  from space 23040K, 15% used [0x00000000eb180000,0x00000000eb512678,0x00000000ec800000)
  to   space 23040K, 0% used [0x00000000efa00000,0x00000000efa00000,0x00000000f1080000)
 ParOldGen       total 58368K, used 48301K [0x00000000a0000000, 0x00000000a3900000, 0x00000000e0000000)
  object space 58368K, 82% used [0x00000000a0000000,0x00000000a2f2b5e8,0x00000000a3900000)
 Metaspace       used 57112K, capacity 58974K, committed 59028K, reserved 1099776K
  class space    used 7728K, capacity 8158K, committed 8192K, reserved 1048576K
}
Event: 162.335 GC heap before
{Heap before GC invocations=14 (full 3):
 PSYoungGen      total 204800K, used 3657K [0x00000000e0000000, 0x00000000f1080000, 0x0000000100000000)
  eden space 181760K, 0% used [0x00000000e0000000,0x00000000e0000000,0x00000000eb180000)
  from space 23040K, 15% used [0x00000000eb180000,0x00000000eb512678,0x00000000ec800000)
  to   space 23040K, 0% used [0x00000000efa00000,0x00000000efa00000,0x00000000f1080000)
 ParOldGen       total 58368K, used 48301K [0x00000000a0000000, 0x00000000a3900000, 0x00000000e0000000)
  object space 58368K, 82% used [0x00000000a0000000,0x00000000a2f2b5e8,0x00000000a3900000)
 Metaspace       used 57112K, capacity 58974K, committed 59028K, reserved 1099776K
  class space    used 7728K, capacity 8158K, committed 8192K, reserved 1048576K
Event: 164.402 GC heap after
Heap after GC invocations=14 (full 3):
 PSYoungGen      total 204800K, used 0K [0x00000000e0000000, 0x00000000f1080000, 0x0000000100000000)
  eden space 181760K, 0% used [0x00000000e0000000,0x00000000e0000000,0x00000000eb180000)
  from space 23040K, 0% used [0x00000000eb180000,0x00000000eb180000,0x00000000ec800000)
  to   space 23040K, 0% used [0x00000000efa00000,0x00000000efa00000,0x00000000f1080000)
 ParOldGen       total 94208K, used 32357K [0x00000000a0000000, 0x00000000a5c00000, 0x00000000e0000000)
  object space 94208K, 34% used [0x00000000a0000000,0x00000000a1f99618,0x00000000a5c00000)
 Metaspace       used 57112K, capacity 58974K, committed 59028K, reserved 1099776K
  class space    used 7728K, capacity 8158K, committed 8192K, reserved 1048576K
}
Event: 1690.907 GC heap before
{Heap before GC invocations=15 (full 3):
 PSYoungGen      total 204800K, used 181760K [0x00000000e0000000, 0x00000000f1080000, 0x0000000100000000)
  eden space 181760K, 100% used [0x00000000e0000000,0x00000000eb180000,0x00000000eb180000)
  from space 23040K, 0% used [0x00000000eb180000,0x00000000eb180000,0x00000000ec800000)
  to   space 23040K, 0% used [0x00000000efa00000,0x00000000efa00000,0x00000000f1080000)
 ParOldGen       total 94208K, used 32357K [0x00000000a0000000, 0x00000000a5c00000, 0x00000000e0000000)
  object space 94208K, 34% used [0x00000000a0000000,0x00000000a1f99618,0x00000000a5c00000)
 Metaspace       used 62262K, capacity 64626K, committed 64984K, reserved 1105920K
  class space    used 8279K, capacity 8844K, committed 8960K, reserved 1048576K
Event: 1691.100 GC heap after
Heap after GC invocations=15 (full 3):
 PSYoungGen      total 230400K, used 7990K [0x00000000e0000000, 0x00000000f0280000, 0x0000000100000000)
  eden space 221696K, 0% used [0x00000000e0000000,0x00000000e0000000,0x00000000ed880000)
  from space 8704K, 91% used [0x00000000efa00000,0x00000000f01cdb68,0x00000000f0280000)
  to   space 21504K, 0% used [0x00000000ed880000,0x00000000ed880000,0x00000000eed80000)
 ParOldGen       total 94208K, used 32365K [0x00000000a0000000, 0x00000000a5c00000, 0x00000000e0000000)
  object space 94208K, 34% used [0x00000000a0000000,0x00000000a1f9b618,0x00000000a5c00000)
 Metaspace       used 62262K, capacity 64626K, committed 64984K, reserved 1105920K
  class space    used 8279K, capacity 8844K, committed 8960K, reserved 1048576K
}
Event: 2781.726 GC heap before
{Heap before GC invocations=16 (full 3):
 PSYoungGen      total 230400K, used 229686K [0x00000000e0000000, 0x00000000f0280000, 0x0000000100000000)
  eden space 221696K, 100% used [0x00000000e0000000,0x00000000ed880000,0x00000000ed880000)
  from space 8704K, 91% used [0x00000000efa00000,0x00000000f01cdb68,0x00000000f0280000)
  to   space 21504K, 0% used [0x00000000ed880000,0x00000000ed880000,0x00000000eed80000)
 ParOldGen       total 94208K, used 32365K [0x00000000a0000000, 0x00000000a5c00000, 0x00000000e0000000)
  object space 94208K, 34% used [0x00000000a0000000,0x00000000a1f9b618,0x00000000a5c00000)
 Metaspace       used 62998K, capacity 65526K, committed 65752K, reserved 1105920K
  class space    used 8309K, capacity 8918K, committed 8960K, reserved 1048576K
Event: 2782.027 GC heap after
Heap after GC invocations=16 (full 3):
 PSYoungGen      total 243200K, used 5561K [0x00000000e0000000, 0x00000000f2900000, 0x0000000100000000)
  eden space 221696K, 0% used [0x00000000e0000000,0x00000000e0000000,0x00000000ed880000)
  from space 21504K, 25% used [0x00000000ed880000,0x00000000eddee6e8,0x00000000eed80000)
  to   space 20992K, 0% used [0x00000000f1480000,0x00000000f1480000,0x00000000f2900000)
 ParOldGen       total 94208K, used 32373K [0x00000000a0000000, 0x00000000a5c00000, 0x00000000e0000000)
  object space 94208K, 34% used [0x00000000a0000000,0x00000000a1f9d618,0x00000000a5c00000)
 Metaspace       used 62998K, capacity 65526K, committed 65752K, reserved 1105920K
  class space    used 8309K, capacity 8918K, committed 8960K, reserved 1048576K
}
Event: 3018.613 GC heap before
{Heap before GC invocations=17 (full 3):
 PSYoungGen      total 243200K, used 227257K [0x00000000e0000000, 0x00000000f2900000, 0x0000000100000000)
  eden space 221696K, 100% used [0x00000000e0000000,0x00000000ed880000,0x00000000ed880000)
  from space 21504K, 25% used [0x00000000ed880000,0x00000000eddee6e8,0x00000000eed80000)
  to   space 20992K, 0% used [0x00000000f1480000,0x00000000f1480000,0x00000000f2900000)
 ParOldGen       total 94208K, used 32373K [0x00000000a0000000, 0x00000000a5c00000, 0x00000000e0000000)
  object space 94208K, 34% used [0x00000000a0000000,0x00000000a1f9d618,0x00000000a5c00000)
 Metaspace       used 63564K, capacity 66390K, committed 66648K, reserved 1107968K
  class space    used 8355K, capacity 9018K, committed 9088K, reserved 1048576K
Event: 3018.720 GC heap after
Heap after GC invocations=17 (full 3):
 PSYoungGen      total 267776K, used 5348K [0x00000000e0000000, 0x00000000f2100000, 0x0000000100000000)
  eden space 254976K, 0% used [0x00000000e0000000,0x00000000e0000000,0x00000000ef900000)
  from space 12800K, 41% used [0x00000000f1480000,0x00000000f19b9230,0x00000000f2100000)
  to   space 20480K, 0% used [0x00000000ef900000,0x00000000ef900000,0x00000000f0d00000)
 ParOldGen       total 94208K, used 32381K [0x00000000a0000000, 0x00000000a5c00000, 0x00000000e0000000)
  object space 94208K, 34% used [0x00000000a0000000,0x00000000a1f9f618,0x00000000a5c00000)
 Metaspace       used 63564K, capacity 66390K, committed 66648K, reserved 1107968K
  class space    used 8355K, capacity 9018K, committed 9088K, reserved 1048576K
}

