# JRE version: OpenJDK Runtime Environment (8.0_152-b01) (build 1.8.0_152-release-1024-b01)
# Java VM: OpenJDK 64-Bit Server VM (25.152-b01 mixed mode linux-amd64 compressed oops)
Heap:
 PSYoungGen      total 150016K, used 82924K [0x00000000e0000000, 0x00000000ecd80000, 0x0000000100000000)
  eden space 140288K, 52% used [0x00000000e0000000,0x00000000e477de40,0x00000000e8900000)
  from space 9728K, 99% used [0x00000000e8900000,0x00000000e927d2e0,0x00000000e9280000)
  to   space 13312K, 0% used [0x00000000ec080000,0x00000000ec080000,0x00000000ecd80000)
 ParOldGen       total 51200K, used 22244K [0x00000000a0000000, 0x00000000a3200000, 0x00000000e0000000)
  object space 51200K, 43% used [0x00000000a0000000,0x00000000a15b9130,0x00000000a3200000)
 Metaspace       used 51717K, capacity 53316K, committed 53592K, reserved 1095680K
  class space    used 7052K, capacity 7461K, committed 7552K, reserved 1048576K
GC Heap History (10 events):
Event: 55.464 GC heap before
{Heap before GC invocations=9 (full 1):
 PSYoungGen      total 67584K, used 60928K [0x00000000e0000000, 0x00000000e8600000, 0x0000000100000000)
  eden space 60928K, 100% used [0x00000000e0000000,0x00000000e3b80000,0x00000000e3b80000)
  from space 6656K, 0% used [0x00000000e3b80000,0x00000000e3b80000,0x00000000e4200000)
  to   space 7680K, 0% used [0x00000000e7e80000,0x00000000e7e80000,0x00000000e8600000)
 ParOldGen       total 32768K, used 8463K [0x00000000a0000000, 0x00000000a2000000, 0x00000000e0000000)
  object space 32768K, 25% used [0x00000000a0000000,0x00000000a0843c38,0x00000000a2000000)
 Metaspace       used 25348K, capacity 25868K, committed 26368K, reserved 1071104K
  class space    used 3550K, capacity 3731K, committed 3840K, reserved 1048576K
Event: 55.544 GC heap after
Heap after GC invocations=9 (full 1):
 PSYoungGen      total 108544K, used 7347K [0x00000000e0000000, 0x00000000e8600000, 0x0000000100000000)
  eden space 100864K, 0% used [0x00000000e0000000,0x00000000e0000000,0x00000000e6280000)
  from space 7680K, 95% used [0x00000000e7e80000,0x00000000e85ace78,0x00000000e8600000)
  to   space 8704K, 0% used [0x00000000e7500000,0x00000000e7500000,0x00000000e7d80000)
 ParOldGen       total 32768K, used 8471K [0x00000000a0000000, 0x00000000a2000000, 0x00000000e0000000)
  object space 32768K, 25% used [0x00000000a0000000,0x00000000a0845c38,0x00000000a2000000)
 Metaspace       used 25348K, capacity 25868K, committed 26368K, reserved 1071104K
  class space    used 3550K, capacity 3731K, committed 3840K, reserved 1048576K
}
Event: 76.478 GC heap before
{Heap before GC invocations=10 (full 1):
 PSYoungGen      total 108544K, used 108211K [0x00000000e0000000, 0x00000000e8600000, 0x0000000100000000)
  eden space 100864K, 100% used [0x00000000e0000000,0x00000000e6280000,0x00000000e6280000)
  from space 7680K, 95% used [0x00000000e7e80000,0x00000000e85ace78,0x00000000e8600000)
  to   space 8704K, 0% used [0x00000000e7500000,0x00000000e7500000,0x00000000e7d80000)
 ParOldGen       total 32768K, used 8471K [0x00000000a0000000, 0x00000000a2000000, 0x00000000e0000000)
  object space 32768K, 25% used [0x00000000a0000000,0x00000000a0845c38,0x00000000a2000000)
 Metaspace       used 30690K, capacity 31292K, committed 31616K, reserved 1077248K
  class space    used 4191K, capacity 4385K, committed 4480K, reserved 1048576K
Event: 76.657 GC heap after
Heap after GC invocations=10 (full 1):
 PSYoungGen      total 128512K, used 8700K [0x00000000e0000000, 0x00000000e9c00000, 0x0000000100000000)
  eden space 119808K, 0% used [0x00000000e0000000,0x00000000e0000000,0x00000000e7500000)
  from space 8704K, 99% used [0x00000000e7500000,0x00000000e7d7f300,0x00000000e7d80000)
  to   space 9728K, 0% used [0x00000000e9280000,0x00000000e9280000,0x00000000e9c00000)
 ParOldGen       total 32768K, used 8868K [0x00000000a0000000, 0x00000000a2000000, 0x00000000e0000000)
  object space 32768K, 27% used [0x00000000a0000000,0x00000000a08a9230,0x00000000a2000000)
 Metaspace       used 30690K, capacity 31292K, committed 31616K, reserved 1077248K
  class space    used 4191K, capacity 4385K, committed 4480K, reserved 1048576K
}
Event: 95.967 GC heap before
{Heap before GC invocations=11 (full 1):
 PSYoungGen      total 128512K, used 58775K [0x00000000e0000000, 0x00000000e9c00000, 0x0000000100000000)
  eden space 119808K, 41% used [0x00000000e0000000,0x00000000e30e69d0,0x00000000e7500000)
  from space 8704K, 99% used [0x00000000e7500000,0x00000000e7d7f300,0x00000000e7d80000)
  to   space 9728K, 0% used [0x00000000e9280000,0x00000000e9280000,0x00000000e9c00000)
 ParOldGen       total 32768K, used 8868K [0x00000000a0000000, 0x00000000a2000000, 0x00000000e0000000)
  object space 32768K, 27% used [0x00000000a0000000,0x00000000a08a9230,0x00000000a2000000)
 Metaspace       used 34579K, capacity 35250K, committed 35416K, reserved 1079296K
  class space    used 4724K, capacity 4965K, committed 4992K, reserved 1048576K
Event: 96.092 GC heap after
Heap after GC invocations=11 (full 1):
 PSYoungGen      total 150016K, used 5852K [0x00000000e0000000, 0x00000000eb400000, 0x0000000100000000)
  eden space 140288K, 0% used [0x00000000e0000000,0x00000000e0000000,0x00000000e8900000)
  from space 9728K, 60% used [0x00000000e9280000,0x00000000e98370d0,0x00000000e9c00000)
  to   space 9728K, 0% used [0x00000000e8900000,0x00000000e8900000,0x00000000e9280000)
 ParOldGen       total 32768K, used 12873K [0x00000000a0000000, 0x00000000a2000000, 0x00000000e0000000)
  object space 32768K, 39% used [0x00000000a0000000,0x00000000a0c925b0,0x00000000a2000000)
 Metaspace       used 34579K, capacity 35250K, committed 35416K, reserved 1079296K
  class space    used 4724K, capacity 4965K, committed 4992K, reserved 1048576K
}
Event: 96.093 GC heap before
{Heap before GC invocations=12 (full 2):
 PSYoungGen      total 150016K, used 5852K [0x00000000e0000000, 0x00000000eb400000, 0x0000000100000000)
  eden space 140288K, 0% used [0x00000000e0000000,0x00000000e0000000,0x00000000e8900000)
  from space 9728K, 60% used [0x00000000e9280000,0x00000000e98370d0,0x00000000e9c00000)
  to   space 9728K, 0% used [0x00000000e8900000,0x00000000e8900000,0x00000000e9280000)
 ParOldGen       total 32768K, used 12873K [0x00000000a0000000, 0x00000000a2000000, 0x00000000e0000000)
  object space 32768K, 39% used [0x00000000a0000000,0x00000000a0c925b0,0x00000000a2000000)
 Metaspace       used 34579K, capacity 35250K, committed 35416K, reserved 1079296K
  class space    used 4724K, capacity 4965K, committed 4992K, reserved 1048576K
Event: 96.640 GC heap after
Heap after GC invocations=12 (full 2):
 PSYoungGen      total 150016K, used 0K [0x00000000e0000000, 0x00000000eb400000, 0x0000000100000000)
  eden space 140288K, 0% used [0x00000000e0000000,0x00000000e0000000,0x00000000e8900000)
  from space 9728K, 0% used [0x00000000e9280000,0x00000000e9280000,0x00000000e9c00000)
  to   space 9728K, 0% used [0x00000000e8900000,0x00000000e8900000,0x00000000e9280000)
 ParOldGen       total 51200K, used 16246K [0x00000000a0000000, 0x00000000a3200000, 0x00000000e0000000)
  object space 51200K, 31% used [0x00000000a0000000,0x00000000a0fddbc0,0x00000000a3200000)
 Metaspace       used 34579K, capacity 35250K, committed 35416K, reserved 1079296K
  class space    used 4724K, capacity 4965K, committed 4992K, reserved 1048576K
}
Event: 121.584 GC heap before
{Heap before GC invocations=13 (full 2):
 PSYoungGen      total 150016K, used 140288K [0x00000000e0000000, 0x00000000eb400000, 0x0000000100000000)
  eden space 140288K, 100% used [0x00000000e0000000,0x00000000e8900000,0x00000000e8900000)
  from space 9728K, 0% used [0x00000000e9280000,0x00000000e9280000,0x00000000e9c00000)
  to   space 9728K, 0% used [0x00000000e8900000,0x00000000e8900000,0x00000000e9280000)
 ParOldGen       total 51200K, used 16246K [0x00000000a0000000, 0x00000000a3200000, 0x00000000e0000000)
  object space 51200K, 31% used [0x00000000a0000000,0x00000000a0fddbc0,0x00000000a3200000)
 Metaspace       used 44799K, capacity 45770K, committed 46168K, reserved 1089536K
  class space    used 6097K, capacity 6412K, committed 6528K, reserved 1048576K
Event: 121.787 GC heap after
Heap after GC invocations=13 (full 2):
 PSYoungGen      total 150016K, used 9716K [0x00000000e0000000, 0x00000000ecd80000, 0x0000000100000000)
  eden space 140288K, 0% used [0x00000000e0000000,0x00000000e0000000,0x00000000e8900000)
  from space 9728K, 99% used [0x00000000e8900000,0x00000000e927d2e0,0x00000000e9280000)
  to   space 13312K, 0% used [0x00000000ec080000,0x00000000ec080000,0x00000000ecd80000)
 ParOldGen       total 51200K, used 22244K [0x00000000a0000000, 0x00000000a3200000, 0x00000000e0000000)
  object space 51200K, 43% used [0x00000000a0000000,0x00000000a15b9130,0x00000000a3200000)
 Metaspace       used 44799K, capacity 45770K, committed 46168K, reserved 1089536K
  class space    used 6097K, capacity 6412K, committed 6528K, reserved 1048576K
}

